 241.94	: Baseline [mm]	
   3.98	: NeighborDist [pix]	
 953.24	: Camera focal length [pix]	
 496.05	: Camera Center of Projection (X) [pix]	
 661.07	: Camera Center of Projection (Y) [pix]	
 338.86	: Projector focal length [pix]	
  81.59	: Projector Center of Projection (X) [pix]	
  54.12	: Projector Center of Projection (Y) [pix]	
   0.11	: Angle of epipolar line in camera [°]	
 -12.41	: Angle of epipolar line in projector [°]	
 -12.30	: Projector pattern angle in camera [°]	
  -0.51	: Projector x tilt [°]	
  -0.70	: Camera y tilt [°]	
  -1.46	: Projector y tilt [°]	
   0.80	: Projector x-angle [°]	
  -1.32	: Projector y-angle [°]	
 -12.32	: Projector z-angle [°]	
 241.93	: Projector x-translation [mm]	
   0.47	: Projector y-translation [mm]	
  -2.97	: Projector z-translation [mm]	
   0.26	: RGB Camera x-angle [°]	
  -3.29	: RGB Camera y-angle [°]	
   0.01	: RGB Camera z-angle [°]	
  42.82	: RGB Camera x-translation [mm]	
   0.02	: RGB Camera y-translation [mm]	
   1.36	: RGB Camera z-translation [mm]	
  57.76	: IR Camera FOV-x [°]	
  69.57	: IR Camera FOV-y [°]	
